<?xml version="1.0" encoding="UTF-8"?>
<testsuite xmlns:xsi="http://www.w3.org/2001/XMLSchema-instance" xsi:noNamespaceSchemaLocation="https://maven.apache.org/surefire/maven-surefire-plugin/xsd/surefire-test-report-3.0.xsd" version="3.0" name="com.yashtailor.assignment1.Assignment1ApplicationTests" time="4.596" tests="1" errors="0" skipped="0" failures="0">
  <properties>
[...]
</properties>
  <testcase name="contextLoads" classname="com.yashtailor.assignment1.Assignment1ApplicationTests" time="1.433">
    <system-out><![CDATA[19:36:00.449 [main] INFO org.springframework.test.context.support.AnnotationConfigContextLoaderUtils -- Could not detect default configuration classes for test class [com.yashtailor.assignment1.Assignment1ApplicationTests]: Assignment1ApplicationTests does not declare any static, non-private, non-final, nested classes annotated with @Configuration.
19:36:00.637 [main] INFO org.springframework.boot.test.context.SpringBootTestContextBootstrapper -- Found @SpringBootConfiguration com.yashtailor.assignment1.Assignment1Application for test class com.yashtailor.assignment1.Assignment1ApplicationTests

  .   ____          _            __ _ _
 /\\ / ___'_ __ _ _(_)_ __  __ _ \ \ \ \
( ( )\___ | '_ | '_| | '_ \/ _` | \ \ \ \
 \\/  ___)| |_)| | | | | || (_| |  ) ) ) )
  '  |____| .__|_| |_|_| |_\__, | / / / /
 =========|_|==============|___/=/_/_/_/
 :: Spring Boot ::                (v3.1.0)

2023-06-25T19:36:01.339+05:30  INFO 7028 --- [           main] c.y.a.Assignment1ApplicationTests        : Starting Assignment1ApplicationTests using Java 17.0.6 with PID 7028 (started by acer in C:\Users\acer\Desktop\Springboot-assignment\assignment1)
2023-06-25T19:36:01.341+05:30  INFO 7028 --- [           main] c.y.a.Assignment1ApplicationTests        : No active profile set, falling back to 1 default profile: "default"
2023-06-25T19:36:03.034+05:30  INFO 7028 --- [           main] c.y.a.Assignment1ApplicationTests        : Started Assignment1ApplicationTests in 2.172 seconds (process running for 4.004)
]]></system-out>
  </testcase>
</testsuite>